<?xml version="1.0" encoding="UTF-8"?>
<testng-results total="1" passed="1" failed="0" skipped="0">
  <reporter-output>
  </reporter-output>
  <suite started-at="2022-04-01T13:41:56Z" name="Default suite" finished-at="2022-04-01T13:41:59Z" duration-ms="2737">
    <groups>
    </groups>
    <test started-at="2022-04-01T13:41:56Z" name="Default test" finished-at="2022-04-01T13:41:59Z" duration-ms="2737">
      <class name="StudyDrive.SearchTests">
        <test-method signature="basePageNavigation()[pri:0, instance:StudyDrive.SearchTests@3406472c]" started-at="2022-04-01T19:11:56Z" name="basePageNavigation" finished-at="2022-04-01T19:11:59Z" duration-ms="2725" status="PASS">
          <reporter-output>
          </reporter-output>
        </test-method> <!-- basePageNavigation -->
      </class> <!-- StudyDrive.SearchTests -->
    </test> <!-- Default test -->
  </suite> <!-- Default suite -->
</testng-results>
